<?xml version="1.0" encoding="UTF-8"?>
<!-- Generated by org.testng.reporters.JUnitReportReporter -->
<testsuite hostname="HarshT" failures="0" tests="1" name="Biskane1.Biskane1" time="18.871" errors="0" timestamp="2022-08-10T22:35:11 CDT" skipped="0">
  <testcase classname="Biskane1.Biskane1" name="editcollection" time="18.871"/>
  <system-out/>
</testsuite> <!-- Biskane1.Biskane1 -->
